<?xml version="1.0" encoding="UTF-8"?>
<!-- Generated by org.testng.reporters.JUnitXMLReporter -->
<testsuite ignored="10" hostname="LAPTOP-EO661FJC" failures="0" tests="6" name="Test" time="0.101" errors="0" timestamp="2023-05-07T22:54:05 IST">
  <testcase classname="Ram.Luv" name="apple" time="0.012"/>
  <testcase classname="Ram.Kush" name="silly" time="0.002"/>
  <testcase classname="Ram.Kush" name="skill" time="0.004"/>
  <testcase classname="Ram.Laxman" name="big" time="0.002"/>
  <testcase classname="Ram.Sita" name="jackFruit" time="0.001"/>
  <testcase classname="Ram.Sita" name="tamato" time="0.003"/>
  <testcase classname="Ram.Laxman" name="younger" time="0.0">
    <ignored/>
  </testcase> <!-- younger -->
  <testcase classname="Ram.Luv" name="orange" time="0.0">
    <ignored/>
  </testcase> <!-- orange -->
  <testcase classname="Ram.Luv" name="mango" time="0.0">
    <ignored/>
  </testcase> <!-- mango -->
  <testcase classname="Ram.Kush" name="great" time="0.0">
    <ignored/>
  </testcase> <!-- great -->
  <testcase classname="Ram.Luv" name="banana" time="0.0">
    <ignored/>
  </testcase> <!-- banana -->
  <testcase classname="Ram.Laxman" name="small" time="0.0">
    <ignored/>
  </testcase> <!-- small -->
  <testcase classname="Ram.Sita" name="onion" time="0.0">
    <ignored/>
  </testcase> <!-- onion -->
  <testcase classname="Ram.Kush" name="foolish" time="0.0">
    <ignored/>
  </testcase> <!-- foolish -->
  <testcase classname="Ram.Sita" name="potato" time="0.0">
    <ignored/>
  </testcase> <!-- potato -->
  <testcase classname="Ram.Laxman" name="elder" time="0.0">
    <ignored/>
  </testcase> <!-- elder -->
</testsuite> <!-- Test -->
