<?xml version="1.0" encoding="UTF-8"?>
<testng-results ignored="10" total="16" passed="6" failed="0" skipped="0">
  <reporter-output>
    <line>
      <![CDATA[ i am apple]]>
    </line>
    <line>
      <![CDATA[ i am silly]]>
    </line>
    <line>
      <![CDATA[ i am skill]]>
    </line>
    <line>
      <![CDATA[ i am big]]>
    </line>
    <line>
      <![CDATA[ i am jackFruit]]>
    </line>
    <line>
      <![CDATA[ i am tomato]]>
    </line>
  </reporter-output>
  <suite started-at="2023-05-07T22:54:05 IST" name="Suite" finished-at="2023-05-07T22:54:05 IST" duration-ms="101">
    <groups>
      <group name="regressionTest">
        <method signature="Kush.silly()[pri:0, instance:Ram.Kush@2cd2a21f]" name="silly" class="Ram.Kush"/>
        <method signature="Kush.skill()[pri:0, instance:Ram.Kush@2cd2a21f]" name="skill" class="Ram.Kush"/>
        <method signature="Laxman.big()[pri:0, instance:Ram.Laxman@2e55dd0c]" name="big" class="Ram.Laxman"/>
        <method signature="Luv.apple()[pri:0, instance:Ram.Luv@6a6afff2]" name="apple" class="Ram.Luv"/>
        <method signature="Sita.jackFruit()[pri:0, instance:Ram.Sita@74455848]" name="jackFruit" class="Ram.Sita"/>
        <method signature="Sita.tamato()[pri:0, instance:Ram.Sita@74455848]" name="tamato" class="Ram.Sita"/>
      </group> <!-- regressionTest -->
      <group name="smokeTest">
        <method signature="Kush.silly()[pri:0, instance:Ram.Kush@2cd2a21f]" name="silly" class="Ram.Kush"/>
        <method signature="Laxman.big()[pri:0, instance:Ram.Laxman@2e55dd0c]" name="big" class="Ram.Laxman"/>
      </group> <!-- smokeTest -->
    </groups>
    <test started-at="2023-05-07T22:54:05 IST" name="Test" finished-at="2023-05-07T22:54:05 IST" duration-ms="101">
      <class name="Ram.Laxman">
        <test-method signature="big()[pri:0, instance:Ram.Laxman@2e55dd0c]" started-at="2023-05-07T22:54:05 IST" name="big" finished-at="2023-05-07T22:54:05 IST" duration-ms="2" status="PASS">
          <reporter-output>
            <line>
              <![CDATA[ i am big]]>
            </line>
          </reporter-output>
        </test-method> <!-- big -->
      </class> <!-- Ram.Laxman -->
      <class name="Ram.Luv">
        <test-method signature="apple()[pri:0, instance:Ram.Luv@6a6afff2]" started-at="2023-05-07T22:54:05 IST" name="apple" finished-at="2023-05-07T22:54:05 IST" duration-ms="12" status="PASS">
          <reporter-output>
            <line>
              <![CDATA[ i am apple]]>
            </line>
          </reporter-output>
        </test-method> <!-- apple -->
      </class> <!-- Ram.Luv -->
      <class name="Ram.Kush">
        <test-method signature="silly()[pri:0, instance:Ram.Kush@2cd2a21f]" started-at="2023-05-07T22:54:05 IST" name="silly" finished-at="2023-05-07T22:54:05 IST" duration-ms="2" status="PASS">
          <reporter-output>
            <line>
              <![CDATA[ i am silly]]>
            </line>
          </reporter-output>
        </test-method> <!-- silly -->
        <test-method signature="skill()[pri:0, instance:Ram.Kush@2cd2a21f]" started-at="2023-05-07T22:54:05 IST" name="skill" finished-at="2023-05-07T22:54:05 IST" duration-ms="4" status="PASS">
          <reporter-output>
            <line>
              <![CDATA[ i am skill]]>
            </line>
          </reporter-output>
        </test-method> <!-- skill -->
      </class> <!-- Ram.Kush -->
      <class name="Ram.Sita">
        <test-method signature="jackFruit()[pri:0, instance:Ram.Sita@74455848]" started-at="2023-05-07T22:54:05 IST" name="jackFruit" finished-at="2023-05-07T22:54:05 IST" duration-ms="1" status="PASS">
          <reporter-output>
            <line>
              <![CDATA[ i am jackFruit]]>
            </line>
          </reporter-output>
        </test-method> <!-- jackFruit -->
        <test-method signature="tamato()[pri:0, instance:Ram.Sita@74455848]" started-at="2023-05-07T22:54:05 IST" name="tamato" finished-at="2023-05-07T22:54:05 IST" duration-ms="3" status="PASS">
          <reporter-output>
            <line>
              <![CDATA[ i am tomato]]>
            </line>
          </reporter-output>
        </test-method> <!-- tamato -->
      </class> <!-- Ram.Sita -->
    </test> <!-- Test -->
  </suite> <!-- Suite -->
</testng-results>
